<?xml version="1.0" encoding="UTF-8"?>
<!-- Generated by org.testng.reporters.JUnitReportReporter -->
<testsuite name="tests.Test1" tests="2" time="0.006" ignored="0" failures="0" timestamp="13 Apr 2019 09:49:54 GMT" skipped="0" hostname="LAPTOP-PLBTIQVB" errors="0">
  <testcase name="test2" time="0.000" classname="tests.Test1"/>
  <testcase name="test1" time="0.006" classname="tests.Test1"/>
</testsuite> <!-- tests.Test1 -->
