<?xml version="1.0" encoding="UTF-8"?>
<!-- Generated by org.testng.reporters.JUnitReportReporter -->
<testsuite name="tests.Test2" tests="1" time="0.000" ignored="0" failures="0" timestamp="13 Apr 2019 09:49:54 GMT" skipped="0" hostname="LAPTOP-PLBTIQVB" errors="0">
  <testcase name="show" time="0.000" classname="tests.Test2"/>
</testsuite> <!-- tests.Test2 -->
